<?xml version="1.0" encoding="UTF-8"?>
<!-- Generated by org.testng.reporters.JUnitReportReporter -->
<testsuite skipped="0" hostname="LAPTOP-G8DFQ1R7" name="testCases.LoginPageTest" tests="2" failures="0" timestamp="14 Feb 2021 17:01:10 GMT" time="24.695" errors="0">
  <testcase name="loginTest" time="11.477" classname="testCases.LoginPageTest"/>
  <testcase name="loginpageTitleTest" time="13.218" classname="testCases.LoginPageTest"/>
</testsuite> <!-- testCases.LoginPageTest -->
